<?xml version="1.0" encoding="UTF-8"?>
<!-- Generated by org.testng.reporters.JUnitReportReporter -->
<testsuite skipped="0" hostname="DESKTOP-E5UJ6T6" name="performance_test.MeasurePageLoadTimeForDesktop" tests="1" failures="0" timestamp="27 Jul 2018 12:46:39 GMT" time="42.933" errors="0">
  <testcase name="getPageLoadTimeForDesktop" time="42.933" classname="performance_test.MeasurePageLoadTimeForDesktop"/>
</testsuite> <!-- performance_test.MeasurePageLoadTimeForDesktop -->
